<?xml version="1.0" encoding="UTF-8"?>
<!-- Generated by org.testng.reporters.JUnitReportReporter -->
<testsuite hostname="LIN19003462" failures="0" tests="1" name="com.ravi.AppiumDemo.AppiumBasic" time="36.321" errors="0" timestamp="15 Jun 2023 18:34:19 GMT" skipped="0">
  <testcase classname="com.ravi.AppiumDemo.AppiumBasic" name="appiumDemo" time="36.321"/>
</testsuite> <!-- com.ravi.AppiumDemo.AppiumBasic -->
