<?xml version="1.0" encoding="UTF-8"?>
<!-- Generated by org.testng.reporters.JUnitReportReporter -->
<testsuite hostname="LIN19003462" failures="0" tests="1" name="com.ravi.AppiumDemo.NativeApkDemo" time="38.156" errors="0" timestamp="19 Jun 2023 05:08:09 GMT" skipped="0">
  <testcase classname="com.ravi.AppiumDemo.NativeApkDemo" name="ecommerce" time="38.156"/>
</testsuite> <!-- com.ravi.AppiumDemo.NativeApkDemo -->
